Determining if the pthread_create exist failed with the following output:
Change Dir: /home/ryuzaki/catkin_ws/src/robot_location_monitor/build/catkin_tools_prebuild/CMakeFiles/CMakeTmp

Run Build Command:"/usr/bin/make" "cmTC_990dd/fast"
/usr/bin/make -f CMakeFiles/cmTC_990dd.dir/build.make CMakeFiles/cmTC_990dd.dir/build
make[1]: Entering directory '/home/ryuzaki/catkin_ws/src/robot_location_monitor/build/catkin_tools_prebuild/CMakeFiles/CMakeTmp'
Building C object CMakeFiles/cmTC_990dd.dir/CheckSymbolExists.c.o
/usr/bin/cc    -o CMakeFiles/cmTC_990dd.dir/CheckSymbolExists.c.o   -c /home/ryuzaki/catkin_ws/src/robot_location_monitor/build/catkin_tools_prebuild/CMakeFiles/CMakeTmp/CheckSymbolExists.c
Linking C executable cmTC_990dd
/usr/bin/cmake -E cmake_link_script CMakeFiles/cmTC_990dd.dir/link.txt --verbose=1
/usr/bin/cc      -rdynamic CMakeFiles/cmTC_990dd.dir/CheckSymbolExists.c.o  -o cmTC_990dd 
CMakeFiles/cmTC_990dd.dir/CheckSymbolExists.c.o: In function `main':
CheckSymbolExists.c:(.text+0x1b): undefined reference to `pthread_create'
collect2: error: ld returned 1 exit status
CMakeFiles/cmTC_990dd.dir/build.make:97: recipe for target 'cmTC_990dd' failed
make[1]: *** [cmTC_990dd] Error 1
make[1]: Leaving directory '/home/ryuzaki/catkin_ws/src/robot_location_monitor/build/catkin_tools_prebuild/CMakeFiles/CMakeTmp'
Makefile:126: recipe for target 'cmTC_990dd/fast' failed
make: *** [cmTC_990dd/fast] Error 2

File /home/ryuzaki/catkin_ws/src/robot_location_monitor/build/catkin_tools_prebuild/CMakeFiles/CMakeTmp/CheckSymbolExists.c:
/* */
#include <pthread.h>

int main(int argc, char** argv)
{
  (void)argv;
#ifndef pthread_create
  return ((int*)(&pthread_create))[argc];
#else
  (void)argc;
  return 0;
#endif
}

Determining if the function pthread_create exists in the pthreads failed with the following output:
Change Dir: /home/ryuzaki/catkin_ws/src/robot_location_monitor/build/catkin_tools_prebuild/CMakeFiles/CMakeTmp

Run Build Command:"/usr/bin/make" "cmTC_7c1db/fast"
/usr/bin/make -f CMakeFiles/cmTC_7c1db.dir/build.make CMakeFiles/cmTC_7c1db.dir/build
make[1]: Entering directory '/home/ryuzaki/catkin_ws/src/robot_location_monitor/build/catkin_tools_prebuild/CMakeFiles/CMakeTmp'
Building C object CMakeFiles/cmTC_7c1db.dir/CheckFunctionExists.c.o
/usr/bin/cc   -DCHECK_FUNCTION_EXISTS=pthread_create   -o CMakeFiles/cmTC_7c1db.dir/CheckFunctionExists.c.o   -c /usr/share/cmake-3.10/Modules/CheckFunctionExists.c
Linking C executable cmTC_7c1db
/usr/bin/cmake -E cmake_link_script CMakeFiles/cmTC_7c1db.dir/link.txt --verbose=1
/usr/bin/cc  -DCHECK_FUNCTION_EXISTS=pthread_create    -rdynamic CMakeFiles/cmTC_7c1db.dir/CheckFunctionExists.c.o  -o cmTC_7c1db -lpthreads 
/usr/bin/ld: cannot find -lpthreads
collect2: error: ld returned 1 exit status
CMakeFiles/cmTC_7c1db.dir/build.make:97: recipe for target 'cmTC_7c1db' failed
make[1]: *** [cmTC_7c1db] Error 1
make[1]: Leaving directory '/home/ryuzaki/catkin_ws/src/robot_location_monitor/build/catkin_tools_prebuild/CMakeFiles/CMakeTmp'
Makefile:126: recipe for target 'cmTC_7c1db/fast' failed
make: *** [cmTC_7c1db/fast] Error 2


